[debug] [2021-04-10T05:27:32.472Z] ----------------------------------------------------------------------
[debug] [2021-04-10T05:27:32.474Z] Command:       C:\Program Files\nodejs\node.exe C:\Users\savio\AppData\Roaming\npm\node_modules\firebase-tools\lib\bin\firebase.js init
[debug] [2021-04-10T05:27:32.475Z] CLI Version:   9.9.0
[debug] [2021-04-10T05:27:32.475Z] Platform:      win32
[debug] [2021-04-10T05:27:32.475Z] Node Version:  v14.16.1
[debug] [2021-04-10T05:27:32.476Z] Time:          Sat Apr 10 2021 10:57:32 GMT+0530 (India Standard Time)
[debug] [2021-04-10T05:27:32.476Z] ----------------------------------------------------------------------
[debug] 
[debug] [2021-04-10T05:27:32.481Z] > command requires scopes: ["email","openid","https://www.googleapis.com/auth/cloudplatformprojects.readonly","https://www.googleapis.com/auth/firebase","https://www.googleapis.com/auth/cloud-platform"]
[debug] [2021-04-10T05:27:32.482Z] > authorizing via signed-in user (aurogpt10@gmail.com)
[info] 
     ######## #### ########  ######## ########     ###     ######  ########
     ##        ##  ##     ## ##       ##     ##  ##   ##  ##       ##
     ######    ##  ########  ######   ########  #########  ######  ######
     ##        ##  ##    ##  ##       ##     ## ##     ##       ## ##
     ##       #### ##     ## ######## ########  ##     ##  ######  ########

You're about to initialize a Firebase project in this directory:

  C:\Users\savio\todo-app-firebase

Before we get started, keep in mind:

  * You are initializing in an existing Firebase project directory

[info] 
=== Project Setup
[info] 
[info] First, let's associate this project directory with a Firebase project.
[info] You can create multiple project aliases by running firebase use --add, 
[info] but for now we'll just set up a default project.
[info] 
[info] i  .firebaserc already has a default project, using fir-todo-33b45. 
[debug] [2021-04-10T05:27:39.442Z] > refreshing access token with scopes: []
[debug] [2021-04-10T05:27:39.443Z] >>> HTTP REQUEST POST https://www.googleapis.com/oauth2/v3/token  
 <request body omitted>
[debug] [2021-04-10T05:27:39.757Z] <<< HTTP RESPONSE 200 {"date":"Sat, 10 Apr 2021 05:27:40 GMT","pragma":"no-cache","cache-control":"no-cache, no-store, max-age=0, must-revalidate","expires":"Mon, 01 Jan 1990 00:00:00 GMT","content-type":"application/json; charset=utf-8","vary":"X-Origin, Referer, Origin,Accept-Encoding","server":"scaffolding on HTTPServer2","x-xss-protection":"0","x-frame-options":"SAMEORIGIN","x-content-type-options":"nosniff","alt-svc":"h3-29=\":443\"; ma=2592000,h3-T051=\":443\"; ma=2592000,h3-Q050=\":443\"; ma=2592000,h3-Q046=\":443\"; ma=2592000,h3-Q043=\":443\"; ma=2592000,quic=\":443\"; ma=2592000; v=\"46,43\"","accept-ranges":"none","transfer-encoding":"chunked"}
[debug] [2021-04-10T05:27:39.796Z] >>> [apiv2][query] GET https://firebase.googleapis.com/v1beta1/projects/fir-todo-33b45 [none]
[debug] [2021-04-10T05:27:40.355Z] <<< [apiv2][status] GET https://firebase.googleapis.com/v1beta1/projects/fir-todo-33b45 200
[debug] [2021-04-10T05:27:40.355Z] <<< [apiv2][body] GET https://firebase.googleapis.com/v1beta1/projects/fir-todo-33b45 {"projectId":"fir-todo-33b45","projectNumber":"1064380062109","displayName":"firebase-todo","name":"projects/fir-todo-33b45","resources":{"hostingSite":"fir-todo-33b45","storageBucket":"fir-todo-33b45.appspot.com","locationId":"asia-south1"},"state":"ACTIVE"}
[info] 
=== Hosting Setup
[info] 
[info] Your public directory is the folder (relative to your project directory) that
[info] will contain Hosting assets to be uploaded with firebase deploy. If you
[info] have a build process for your assets, use your build's output directory.
[info] 
